<?xml version="1.0" encoding="UTF-8" ?>
<testsuite tests="2" failures="0" name="com.datastax.tickdata.query.TestQueryProcessor" time="0.023" errors="1" skipped="0">
  <properties>
[...]
</properties>
  <testcase classname="com.datastax.tickdata.query.TestQueryProcessor" name="testMovingAverage" time="0.023">
    <error message="Null or empty data center specified for DC-aware policy" type="java.lang.IllegalArgumentException">java.lang.IllegalArgumentException: Null or empty data center specified for DC-aware policy
	at com.datastax.driver.core.policies.DCAwareRoundRobinPolicy.&lt;init&gt;(DCAwareRoundRobinPolicy.java:178)
	at com.datastax.driver.core.policies.DCAwareRoundRobinPolicy.&lt;init&gt;(DCAwareRoundRobinPolicy.java:140)
	at com.datastax.tickdata.TickDataDao.&lt;init&gt;(TickDataDao.java:60)
	at com.datastax.tickdata.query.TestQueryProcessor.testMovingAverage(TestQueryProcessor.java:46)
	at sun.reflect.NativeMethodAccessorImpl.invoke0(Native Method)
	at sun.reflect.NativeMethodAccessorImpl.invoke(NativeMethodAccessorImpl.java:62)
	at sun.reflect.DelegatingMethodAccessorImpl.invoke(DelegatingMethodAccessorImpl.java:43)
	at java.lang.reflect.Method.invoke(Method.java:497)
	at org.junit.runners.model.FrameworkMethod$1.runReflectiveCall(FrameworkMethod.java:47)
	at org.junit.internal.runners.model.ReflectiveCallable.run(ReflectiveCallable.java:12)
	at org.junit.runners.model.FrameworkMethod.invokeExplosively(FrameworkMethod.java:44)
	at org.junit.internal.runners.statements.InvokeMethod.evaluate(InvokeMethod.java:17)
	at org.junit.runners.ParentRunner.runLeaf(ParentRunner.java:271)
	at org.junit.runners.BlockJUnit4ClassRunner.runChild(BlockJUnit4ClassRunner.java:70)
	at org.junit.runners.BlockJUnit4ClassRunner.runChild(BlockJUnit4ClassRunner.java:50)
	at org.junit.runners.ParentRunner$3.run(ParentRunner.java:238)
	at org.junit.runners.ParentRunner$1.schedule(ParentRunner.java:63)
	at org.junit.runners.ParentRunner.runChildren(ParentRunner.java:236)
	at org.junit.runners.ParentRunner.access$000(ParentRunner.java:53)
	at org.junit.runners.ParentRunner$2.evaluate(ParentRunner.java:229)
	at org.junit.runners.ParentRunner.run(ParentRunner.java:309)
	at org.apache.maven.surefire.junit4.JUnit4Provider.execute(JUnit4Provider.java:252)
	at org.apache.maven.surefire.junit4.JUnit4Provider.executeTestSet(JUnit4Provider.java:141)
	at org.apache.maven.surefire.junit4.JUnit4Provider.invoke(JUnit4Provider.java:112)
	at sun.reflect.NativeMethodAccessorImpl.invoke0(Native Method)
	at sun.reflect.NativeMethodAccessorImpl.invoke(NativeMethodAccessorImpl.java:62)
	at sun.reflect.DelegatingMethodAccessorImpl.invoke(DelegatingMethodAccessorImpl.java:43)
	at java.lang.reflect.Method.invoke(Method.java:497)
	at org.apache.maven.surefire.util.ReflectionUtils.invokeMethodWithArray(ReflectionUtils.java:189)
	at org.apache.maven.surefire.booter.ProviderFactory$ProviderProxy.invoke(ProviderFactory.java:165)
	at org.apache.maven.surefire.booter.ProviderFactory.invokeProvider(ProviderFactory.java:85)
	at org.apache.maven.surefire.booter.ForkedBooter.runSuitesInProcess(ForkedBooter.java:115)
	at org.apache.maven.surefire.booter.ForkedBooter.main(ForkedBooter.java:75)
</error>
    <system-out>10:42:34.729 [main] WARN  c.d.driver.core.FrameCompressor - Cannot find Snappy class, you should make sure the Snappy library is in the classpath if you intend to use it. Snappy compression will not be available for the protocol.
10:42:34.731 [main] WARN  c.d.driver.core.FrameCompressor - Cannot find LZ4 class, you should make sure the LZ4 library is in the classpath if you intend to use it. LZ4 compression will not be available for the protocol.
</system-out>
  </testcase>
  <testcase classname="com.datastax.tickdata.query.TestQueryProcessor" name="testCandleStick" time="0"/>
</testsuite>